This is pdfTeX, Version 3.1415926-2.5-1.40.14 (TeX Live 2013/Debian)
 restricted \write18 enabled.
entering extended mode
(./informe.tex
LaTeX2e <2011/06/27>
Babel <3.9f> and hyphenation patterns for 78 languages loaded.
(/usr/share/texlive/texmf-dist/tex/latex/base/article.cls
Document Class: article 2007/10/19 v1.4h Standard LaTeX document class
(/usr/share/texlive/texmf-dist/tex/latex/base/size11.clo))
(/usr/share/texlive/texmf-dist/tex/generic/babel/babel.sty
(/usr/share/texlive/texmf-dist/tex/generic/babel-spanish/spanish.ldf
(/usr/share/texlive/texmf-dist/tex/generic/babel/babel.def)))
(/usr/share/texlive/texmf-dist/tex/latex/base/fontenc.sty
(/usr/share/texlive/texmf-dist/tex/latex/base/t1enc.def))
(/usr/share/texlive/texmf-dist/tex/latex/base/inputenc.sty
(/usr/share/texlive/texmf-dist/tex/latex/base/latin1.def))
(/usr/share/texlive/texmf-dist/tex/latex/amscls/amsthm.sty)
(/usr/share/texlive/texmf-dist/tex/latex/amsmath/amsmath.sty
For additional information on amsmath, use the `?' option.
(/usr/share/texlive/texmf-dist/tex/latex/amsmath/amstext.sty
(/usr/share/texlive/texmf-dist/tex/latex/amsmath/amsgen.sty))
(/usr/share/texlive/texmf-dist/tex/latex/amsmath/amsbsy.sty)
(/usr/share/texlive/texmf-dist/tex/latex/amsmath/amsopn.sty)) (./algorithm.sty
(/usr/share/texlive/texmf-dist/tex/latex/float/float.sty)
(/usr/share/texlive/texmf-dist/tex/latex/base/ifthen.sty)) (./algpseudocode.sty
(./algorithmicx.sty
Document Style algorithmicx 1.2 - a greatly improved `algorithmic' style
)
Document Style - pseudocode environments for use with the `algorithmicx' style
) (./caratula.sty
(/usr/share/texlive/texmf-dist/tex/latex/graphics/graphicx.sty
(/usr/share/texlive/texmf-dist/tex/latex/graphics/keyval.sty)
(/usr/share/texlive/texmf-dist/tex/latex/graphics/graphics.sty
(/usr/share/texlive/texmf-dist/tex/latex/graphics/trig.sty)
(/usr/share/texlive/texmf-dist/tex/latex/latexconfig/graphics.cfg)
(/usr/share/texlive/texmf-dist/tex/latex/pdftex-def/pdftex.def
(/usr/share/texlive/texmf-dist/tex/generic/oberdiek/infwarerr.sty)
(/usr/share/texlive/texmf-dist/tex/generic/oberdiek/ltxcmds.sty))))
Cargando package 'caratula' v0.5 (2013/08/04)
) (/usr/share/texlive/texmf-dist/tex/latex/geometry/geometry.sty
(/usr/share/texlive/texmf-dist/tex/generic/oberdiek/ifpdf.sty)
(/usr/share/texlive/texmf-dist/tex/generic/oberdiek/ifvtex.sty)
(/usr/share/texlive/texmf-dist/tex/generic/ifxetex/ifxetex.sty))
(/usr/share/texlive/texmf-dist/tex/latex/listings/listings.sty
(/usr/share/texlive/texmf-dist/tex/latex/listings/lstmisc.sty)
(/usr/share/texlive/texmf-dist/tex/latex/listings/listings.cfg))
(/usr/share/texmf/tex/latex/xcolor/xcolor.sty
(/usr/share/texlive/texmf-dist/tex/latex/latexconfig/color.cfg)
(/usr/share/texlive/texmf-dist/tex/latex/graphics/dvipsnam.def))
(/home/svilerino/texmf/tex/latex/pgf/frontendlayer/tikz.sty
(/home/svilerino/texmf/tex/latex/pgf/basiclayer/pgf.sty
(/home/svilerino/texmf/tex/latex/pgf/utilities/pgfrcs.sty
(/home/svilerino/texmf/tex/generic/pgf/utilities/pgfutil-common.tex
(/home/svilerino/texmf/tex/generic/pgf/utilities/pgfutil-common-lists.tex))
(/home/svilerino/texmf/tex/generic/pgf/utilities/pgfutil-latex.def
(/usr/share/texlive/texmf-dist/tex/latex/ms/everyshi.sty))
(/home/svilerino/texmf/tex/generic/pgf/utilities/pgfrcs.code.tex))
(/home/svilerino/texmf/tex/latex/pgf/basiclayer/pgfcore.sty
(/home/svilerino/texmf/tex/latex/pgf/systemlayer/pgfsys.sty
(/home/svilerino/texmf/tex/generic/pgf/systemlayer/pgfsys.code.tex
(/home/svilerino/texmf/tex/generic/pgf/utilities/pgfkeys.code.tex
(/home/svilerino/texmf/tex/generic/pgf/utilities/pgfkeysfiltered.code.tex))
(/home/svilerino/texmf/tex/generic/pgf/systemlayer/pgf.cfg)
(/home/svilerino/texmf/tex/generic/pgf/systemlayer/pgfsys-pdftex.def
(/home/svilerino/texmf/tex/generic/pgf/systemlayer/pgfsys-common-pdf.def)))
(/home/svilerino/texmf/tex/generic/pgf/systemlayer/pgfsyssoftpath.code.tex)
(/home/svilerino/texmf/tex/generic/pgf/systemlayer/pgfsysprotocol.code.tex))
(/home/svilerino/texmf/tex/generic/pgf/basiclayer/pgfcore.code.tex
(/home/svilerino/texmf/tex/generic/pgf/math/pgfmath.code.tex
(/home/svilerino/texmf/tex/generic/pgf/math/pgfmathcalc.code.tex
(/home/svilerino/texmf/tex/generic/pgf/math/pgfmathutil.code.tex)
(/home/svilerino/texmf/tex/generic/pgf/math/pgfmathparser.code.tex)
(/home/svilerino/texmf/tex/generic/pgf/math/pgfmathfunctions.code.tex
(/home/svilerino/texmf/tex/generic/pgf/math/pgfmathfunctions.basic.code.tex)
(/home/svilerino/texmf/tex/generic/pgf/math/pgfmathfunctions.trigonometric.code
.tex)
(/home/svilerino/texmf/tex/generic/pgf/math/pgfmathfunctions.random.code.tex)
(/home/svilerino/texmf/tex/generic/pgf/math/pgfmathfunctions.comparison.code.te
x) (/home/svilerino/texmf/tex/generic/pgf/math/pgfmathfunctions.base.code.tex)
(/home/svilerino/texmf/tex/generic/pgf/math/pgfmathfunctions.round.code.tex)
(/home/svilerino/texmf/tex/generic/pgf/math/pgfmathfunctions.misc.code.tex)
(/home/svilerino/texmf/tex/generic/pgf/math/pgfmathfunctions.integerarithmetics
.code.tex))) (/home/svilerino/texmf/tex/generic/pgf/math/pgfmathfloat.code.tex)
) (/home/svilerino/texmf/tex/generic/pgf/basiclayer/pgfcorepoints.code.tex)
(/home/svilerino/texmf/tex/generic/pgf/basiclayer/pgfcorepathconstruct.code.tex
) (/home/svilerino/texmf/tex/generic/pgf/basiclayer/pgfcorepathusage.code.tex)
(/home/svilerino/texmf/tex/generic/pgf/basiclayer/pgfcorescopes.code.tex)
(/home/svilerino/texmf/tex/generic/pgf/basiclayer/pgfcoregraphicstate.code.tex)

(/home/svilerino/texmf/tex/generic/pgf/basiclayer/pgfcoretransformations.code.t
ex) (/home/svilerino/texmf/tex/generic/pgf/basiclayer/pgfcorequick.code.tex)
(/home/svilerino/texmf/tex/generic/pgf/basiclayer/pgfcoreobjects.code.tex)
(/home/svilerino/texmf/tex/generic/pgf/basiclayer/pgfcorepathprocessing.code.te
x) (/home/svilerino/texmf/tex/generic/pgf/basiclayer/pgfcorearrows.code.tex)
(/home/svilerino/texmf/tex/generic/pgf/basiclayer/pgfcoreshade.code.tex)
(/home/svilerino/texmf/tex/generic/pgf/basiclayer/pgfcoreimage.code.tex
(/home/svilerino/texmf/tex/generic/pgf/basiclayer/pgfcoreexternal.code.tex))
(/home/svilerino/texmf/tex/generic/pgf/basiclayer/pgfcorelayers.code.tex)
(/home/svilerino/texmf/tex/generic/pgf/basiclayer/pgfcoretransparency.code.tex)
 (/home/svilerino/texmf/tex/generic/pgf/basiclayer/pgfcorepatterns.code.tex)))
(/home/svilerino/texmf/tex/generic/pgf/modules/pgfmoduleshapes.code.tex)
(/home/svilerino/texmf/tex/generic/pgf/modules/pgfmoduleplot.code.tex)
(/home/svilerino/texmf/tex/latex/pgf/compatibility/pgfcomp-version-0-65.sty)
(/home/svilerino/texmf/tex/latex/pgf/compatibility/pgfcomp-version-1-18.sty))
(/home/svilerino/texmf/tex/latex/pgf/utilities/pgffor.sty
(/home/svilerino/texmf/tex/latex/pgf/utilities/pgfkeys.sty
(/home/svilerino/texmf/tex/generic/pgf/utilities/pgfkeys.code.tex))
(/home/svilerino/texmf/tex/latex/pgf/math/pgfmath.sty
(/home/svilerino/texmf/tex/generic/pgf/math/pgfmath.code.tex))
(/home/svilerino/texmf/tex/generic/pgf/utilities/pgffor.code.tex
(/home/svilerino/texmf/tex/generic/pgf/math/pgfmath.code.tex)))
(/home/svilerino/texmf/tex/generic/pgf/frontendlayer/tikz/tikz.code.tex
(/home/svilerino/texmf/tex/generic/pgf/libraries/pgflibraryplothandlers.code.te
x) (/home/svilerino/texmf/tex/generic/pgf/modules/pgfmodulematrix.code.tex)
(/home/svilerino/texmf/tex/generic/pgf/frontendlayer/tikz/libraries/tikzlibrary
topaths.code.tex)))
(/home/svilerino/texmf/tex/generic/pgf/frontendlayer/tikz/libraries/tikzlibrary
babel.code.tex) (/usr/share/texlive/texmf-dist/tex/latex/hyperref/hyperref.sty
(/usr/share/texlive/texmf-dist/tex/generic/oberdiek/hobsub-hyperref.sty
(/usr/share/texlive/texmf-dist/tex/generic/oberdiek/hobsub-generic.sty))
(/usr/share/texlive/texmf-dist/tex/latex/oberdiek/auxhook.sty)
(/usr/share/texlive/texmf-dist/tex/latex/oberdiek/kvoptions.sty)
(/usr/share/texlive/texmf-dist/tex/latex/hyperref/pd1enc.def)
(/usr/share/texlive/texmf-dist/tex/latex/latexconfig/hyperref.cfg)
(/usr/share/texlive/texmf-dist/tex/latex/url/url.sty))

Package hyperref Message: Driver (autodetected): hpdftex.

(/usr/share/texlive/texmf-dist/tex/latex/hyperref/hpdftex.def
(/usr/share/texlive/texmf-dist/tex/latex/oberdiek/rerunfilecheck.sty))
(./informe.aux (./introduccion.aux) (./informe_ej1.aux) (./informe_ej2.aux)
(./informe_ej3.aux) (./tests_mediciones.aux) (./codigo.aux) (./entregable.aux))
(/usr/share/texlive/texmf-dist/tex/context/base/supp-pdf.mkii
[Loading MPS to PDF converter (version 2006.09.02).]
) (/usr/share/texlive/texmf-dist/tex/latex/oberdiek/epstopdf-base.sty
(/usr/share/texlive/texmf-dist/tex/latex/oberdiek/grfext.sty)
(/usr/share/texlive/texmf-dist/tex/latex/latexconfig/epstopdf-sys.cfg))
*geometry* driver: auto-detecting
*geometry* detected driver: pdftex
ABD: EveryShipout initializing macros
(/usr/share/texlive/texmf-dist/tex/latex/hyperref/nameref.sty
(/usr/share/texlive/texmf-dist/tex/generic/oberdiek/gettitlestring.sty))
(./informe.out) (./informe.out) <logo_dc.jpg, id=203, 215.6055pt x 83.5923pt>
<use logo_dc.jpg>
Underfull \hbox (badness 10000) in paragraph at lines 41--41

(/usr/share/texlive/texmf-dist/tex/latex/base/t1cmtt.fd)
<logo_uba.jpg, id=204, 225.4824pt x 231.7458pt> <use logo_uba.jpg>
(/usr/share/texlive/texmf-dist/tex/latex/base/t1cmss.fd)
Underfull \hbox (badness 10000) in paragraph at lines 41--41

[1{/var/lib/texmf/fonts/map/pdftex/updmap/pdftex.map} <./logo_dc.jpg> <./logo_u
ba.jpg>] (./informe.tocpdfTeX warning (ext4): destination with the same identif
ier (name{page.1}) has been already used, duplicate ignored
<to be read again> 
                   \relax 
l.49 ...uctura de directorios}{40}{subsection.8.1}
                                                   [1]) [2] (./introduccion.tex
) [3] (./informe_ej1.tex
<images/intervalo.png, id=281, 747.79375pt x 200.75pt>
<use images/intervalo.png>
<images/intervalo2.png, id=283, 747.79375pt x 200.75pt>
<use images/intervalo2.png>
Overfull \hbox (88.74106pt too wide) in paragraph at lines 54--55
[][] 
[4 <./images/intervalo.png>] (./pseudocodigo_ej1.tex [5 <./images/intervalo2.pn
g>]) [6] (./ej1CodigoDemo2.tex [7])
Overfull \hbox (8.10544pt too wide) in paragraph at lines 197--198
[]\T1/cmr/m/n/10.95 El al-go-rit-mo re-ser-va el vec-tor de tu-plas. Pa-so se-g
ui-do de-cla-ra el in-di-ce $\OML/cmm/m/it/10.95 i$ \T1/cmr/m/n/10.95 pa-ra ite
-rar has-ta $\OML/cmm/m/it/10.95 entrada:size\OT1/cmr/m/n/10.95 ()$
<images/iteracioni.png, id=315, 747.79375pt x 200.75pt>
<use images/iteracioni.png> [8 <./images/iteracioni.png>]
Overfull \hbox (9.95374pt too wide) in paragraph at lines 242--244
\T1/cmr/m/n/10.95 Sea $\OML/cmm/m/it/10.95 c$ \T1/cmr/m/n/10.95 el na-tu-ral an
-tes des-crip-to. Sea $\OML/cmm/m/it/10.95 ^^L \OT1/cmr/m/n/10.95 =\OML/cmm/m/i
t/10.95 < c; c \OT1/cmr/m/n/10.95 + \OML/cmm/m/it/10.95 D >$\T1/cmr/m/n/10.95 .
 Co-mo $\OMS/cmsy/m/n/10.95 8\OML/cmm/m/it/10.95 i \OMS/cmsy/m/n/10.95 2 \OT1/c
mr/m/n/10.95 [\OML/cmm/m/it/10.95 x::y\OT1/cmr/m/n/10.95 ]\OML/cmm/m/it/10.95 ;
 cantCamionesDia\OT1/cmr/m/n/10.95 (\OML/cmm/m/it/10.95 calendario; i\OT1/cmr/m
/n/10.95 ) \OMS/cmsy/m/n/10.95 ^^U
(./ej1CodigoDemo1.tex) [9]
Overfull \hbox (62.70494pt too wide) in paragraph at lines 260--261
\T1/cmr/m/n/10.95 do es co-rrec-ta. Pa-ra cal-cu-lar-la, nues-tro al-go-rit-mo 
rea-li-za la res-ta an-tes pro-pues-ta: $\OML/cmm/m/it/10.95 acumDias\OT1/cmr/m
/n/10.95 (\OML/cmm/m/it/10.95 calendario; intervalo[]\OT1/cmr/m/n/10.95 ) \OMS/
cmsy/m/n/10.95 ^^@
(./ej1CodigoDemo3.tex)
Overfull \hbox (9.72598pt too wide) in paragraph at lines 277--278
\T1/cmr/m/n/10.95 dría tra-du-cir-se co-mo $[][]\OT1/cmr/m/n/10.95 (\OML/cmm/m/
it/10.95 cantCamionesDia\OT1/cmr/m/n/10.95 (\OML/cmm/m/it/10.95 entrada; k\OT1/
cmr/m/n/10.95 ) \OMS/cmsy/m/n/10.95 ^^@ [][]\OT1/cmr/m/n/10.95 (\OML/cmm/m/it/1
0.95 cantCamionesDia\OT1/cmr/m/n/10.95 (\OML/cmm/m/it/10.95 entrada; j\OT1/cmr/
m/n/10.95 )$\T1/cmr/m/n/10.95 .

Overfull \hbox (11.7255pt too wide) in paragraph at lines 284--285
[]\T1/cmr/m/n/10.95 Por de-fi-ni-ción $\OML/cmm/m/it/10.95 acumDias\OT1/cmr/m/n
/10.95 (\OML/cmm/m/it/10.95 entrada; diaFinal\OT1/cmr/m/n/10.95 ) = [][](\OML/c
mm/m/it/10.95 cantCamionesDia\OT1/cmr/m/n/10.95 (\OML/cmm/m/it/10.95 entrada; j
\OT1/cmr/m/n/10.95 )$\T1/cmr/m/n/10.95 . Si $\OML/cmm/m/it/10.95 diaFinal$
[10]) [11] (./informe_ej2.tex
Underfull \hbox (badness 10000) in paragraph at lines 14--17


Underfull \hbox (badness 10000) in paragraph at lines 65--66

[12] [13]) [14] (./informe_ej3.tex (./dibujo_ej3_ej1.tex) [15]
(./pseudocodigo_ej3.tex
Overfull \hbox (44.74655pt too wide) in paragraph at lines 15--16
[]\T1/cmr/bx/n/10.95 pro-ce-du-re \T1/cmr/m/sc/10.95 ma-xi-mi-zar-Ta-ble-ro\T1/
cmr/m/n/10.95 (tablero, n, m, fi-chas_disponibles, i_actual, j_actual, ca-si-ll
e-ros_calculados,
[16]
Overfull \hbox (16.07738pt too wide) in paragraph at lines 45--46
[] \T1/cmr/m/n/10.95 ma-xi-mi-zar-Ta-ble-ro(tablero, n, m, fi-chas_nuevas, i_pr
oximo, j_proximo, ca-si-lle-ros_calculados
) [17] (./ejemplo_ej3.tex) [18] [19] [20] [21] [22]) [23] [24]
(./tests_mediciones.tex
Overfull \hbox (19.93054pt too wide) in paragraph at lines 10--11
\T1/cmr/m/n/10.95 de có-di-go que qui-sie-ra-mos me-dir, las me-di-cio-nes fue-
ron rea-li-za-das con la he-rra-mien-ta $\OML/cmm/m/it/10.95 high[]resolution[]
clock$

Underfull \hbox (badness 10000) in paragraph at lines 23--25

<images/ej1_fx.png, id=474, 605.26125pt x 372.39125pt> <use images/ej1_fx.png>
[25] <images/ej1_fx_x.png, id=482, 602.25pt x 372.39125pt>
<use images/ej1_fx_x.png>
<images/ej1_fx_x_bis.png, id=483, 602.25pt x 372.39125pt>
<use images/ej1_fx_x_bis.png> [26 <./images/ej1_fx.png> <./images/ej1_fx_x.png>
] <images/ej1_fx_logx.png, id=490, 580.1675pt x 372.39125pt>
<use images/ej1_fx_logx.png>
<images/ej1_fx_xlogx.png, id=491, 602.25pt x 372.39125pt>
<use images/ej1_fx_xlogx.png> [27 <./images/ej1_fx_x_bis.png> <./images/ej1_fx_
logx.png>] [28 <./images/ej1_fx_xlogx.png>]
<images/ej1_mejor_peor.png, id=503, 602.25pt x 372.39125pt>
<use images/ej1_mejor_peor.png>
<images/ej2_fx.png, id=504, 602.25pt x 372.39125pt> <use images/ej2_fx.png>
<images/ej2_fx_x.png, id=505, 602.25pt x 372.39125pt>
<use images/ej2_fx_x.png> [29 <./images/ej1_mejor_peor.png>]
<images/ej2_fx_logx.png, id=511, 602.25pt x 372.39125pt>
<use images/ej2_fx_logx.png>
<images/ej2_fx_xlogx.png, id=512, 602.25pt x 372.39125pt>
<use images/ej2_fx_xlogx.png> [30 <./images/ej2_fx.png> <./images/ej2_fx_x.png>
] <images/ej3_tiempo1.png, id=521, 593.21625pt x 322.20375pt>
<use images/ej3_tiempo1.png> [31 <./images/ej2_fx_logx.png> <./images/ej2_fx_xl
ogx.png>] <images/ej3_tiempo2.png, id=528, 584.1825pt x 319.1925pt>
<use images/ej3_tiempo2.png>
<images/ej3_mejor_caso.png, id=529, 602.25pt x 372.39125pt>
<use images/ej3_mejor_caso.png>
<images/ej3_peor_caso.png, id=530, 602.25pt x 372.39125pt>
<use images/ej3_peor_caso.png> [32 <./images/ej3_tiempo1.png> <./images/ej3_tie
mpo2.png>] <images/ej3_cuadratica.png, id=537, 501.875pt x 372.39125pt>
<use images/ej3_cuadratica.png>
<images/ej3_factorial.png, id=538, 602.25pt x 372.39125pt>
<use images/ej3_factorial.png> [33 <./images/ej3_mejor_caso.png> <./images/ej3_
peor_caso.png>]) [34 <./images/ej3_cuadratica.png> <./images/ej3_factorial.png>
] (./codigo.tex (/usr/share/texlive/texmf-dist/tex/latex/listings/lstlang1.sty)
 (/usr/share/texlive/texmf-dist/tex/latex/listings/lstlang1.sty)
(/usr/share/texlive/texmf-dist/tex/latex/listings/lstmisc.sty)
(./srcfiles/ej1.cpp (/usr/share/texlive/texmf-dist/tex/latex/base/omscmr.fd)
[35]) [36] (./srcfiles/ej2.cpp) [37] (./srcfiles/ej3.cpp [38] [39]) [40])
(./entregable.tex) [41] (./informe.aux (./introduccion.aux) (./informe_ej1.aux)
 (./informe_ej2.aux) (./informe_ej3.aux) (./tests_mediciones.aux) (./codigo.aux
) (./entregable.aux))

LaTeX Warning: Label(s) may have changed. Rerun to get cross-references right.

 )
(see the transcript file for additional information){/usr/share/texmf/fonts/enc
/dvips/cm-super/cm-super-t1.enc}</usr/share/texlive/texmf-dist/fonts/type1/publ
ic/amsfonts/cm/cmex10.pfb></usr/share/texlive/texmf-dist/fonts/type1/public/ams
fonts/cm/cmmi10.pfb></usr/share/texlive/texmf-dist/fonts/type1/public/amsfonts/
cm/cmmi8.pfb></usr/share/texlive/texmf-dist/fonts/type1/public/amsfonts/cm/cmr1
0.pfb></usr/share/texlive/texmf-dist/fonts/type1/public/amsfonts/cm/cmr6.pfb></
usr/share/texlive/texmf-dist/fonts/type1/public/amsfonts/cm/cmr8.pfb></usr/shar
e/texlive/texmf-dist/fonts/type1/public/amsfonts/cm/cmsy10.pfb></usr/share/texl
ive/texmf-dist/fonts/type1/public/amsfonts/cm/cmsy6.pfb></usr/share/texlive/tex
mf-dist/fonts/type1/public/amsfonts/cm/cmsy8.pfb></usr/share/texmf/fonts/type1/
public/cm-super/sfbx1095.pfb></usr/share/texmf/fonts/type1/public/cm-super/sfbx
1200.pfb></usr/share/texmf/fonts/type1/public/cm-super/sfbx1440.pfb></usr/share
/texmf/fonts/type1/public/cm-super/sfbx2074.pfb></usr/share/texmf/fonts/type1/p
ublic/cm-super/sfcc1095.pfb></usr/share/texmf/fonts/type1/public/cm-super/sfrm0
600.pfb></usr/share/texmf/fonts/type1/public/cm-super/sfrm0800.pfb></usr/share/
texmf/fonts/type1/public/cm-super/sfrm0900.pfb></usr/share/texmf/fonts/type1/pu
blic/cm-super/sfrm1095.pfb></usr/share/texmf/fonts/type1/public/cm-super/sfrm12
00.pfb></usr/share/texmf/fonts/type1/public/cm-super/sfss1095.pfb></usr/share/t
exmf/fonts/type1/public/cm-super/sfsx1095.pfb></usr/share/texmf/fonts/type1/pub
lic/cm-super/sfti1095.pfb></usr/share/texmf/fonts/type1/public/cm-super/sftt109
5.pfb>
Output written on informe.pdf (42 pages, 1159607 bytes).
Transcript written on informe.log.
