\BOOKMARK [1][-]{section.1}{Situaciones de la vida real que pueden ser modeladas con el problema del Camino acotado de costo minimo}{}% 1
\BOOKMARK [2][-]{subsection.1.1}{Notaci\363n y definiciones iniciales}{section.1}% 2
\BOOKMARK [2][-]{subsection.1.2}{Viaje en ruta: Minimizar la distancia de viaje dada una cantidad fija de dinero}{section.1}% 3
\BOOKMARK [2][-]{subsection.1.3}{Camino mas conveniente segun relieve: Expedicion en la colina}{section.1}% 4
\BOOKMARK [1][-]{section.2}{Algoritmo exacto para la resoluci\363n de CACM}{}% 5
\BOOKMARK [2][-]{subsection.2.1}{Notaci\363n}{section.2}% 6
\BOOKMARK [2][-]{subsection.2.2}{Explicaci\363n detallada del algoritmo propuesto}{section.2}% 7
\BOOKMARK [3][-]{subsubsection.2.2.1}{Descripci\363n}{subsection.2.2}% 8
\BOOKMARK [3][-]{subsubsection.2.2.2}{Algoritmo}{subsection.2.2}% 9
\BOOKMARK [2][-]{subsection.2.3}{Complejidad temporal para el peor caso}{section.2}% 10
\BOOKMARK [2][-]{subsection.2.4}{Experimentacion: Mediciones de Performance}{section.2}% 11
\BOOKMARK [3][-]{subsubsection.2.4.1}{Rendimiento para grafos con densidad lineal de aristas}{subsection.2.4}% 12
\BOOKMARK [3][-]{subsubsection.2.4.2}{Rendimiento para grafos con densidad cuadratica de aristas}{subsection.2.4}% 13
\BOOKMARK [3][-]{subsubsection.2.4.3}{An\341lisis factorial}{subsection.2.4}% 14
\BOOKMARK [1][-]{section.3}{Heur\355stica Golosa}{}% 15
\BOOKMARK [2][-]{subsection.3.1}{Explicacion detallada de la heur\355stica propuesta}{section.3}% 16
\BOOKMARK [3][-]{subsubsection.3.1.1}{Inicializaci\363n}{subsection.3.1}% 17
\BOOKMARK [3][-]{subsubsection.3.1.2}{Heur\355stica golosa}{subsection.3.1}% 18
\BOOKMARK [3][-]{subsubsection.3.1.3}{Pseudoc\363digo}{subsection.3.1}% 19
\BOOKMARK [3][-]{subsubsection.3.1.4}{Complejidad}{subsection.3.1}% 20
\BOOKMARK [3][-]{subsubsection.3.1.5}{Soluci\363n Factible}{subsection.3.1}% 21
\BOOKMARK [2][-]{subsection.3.2}{Nivel de optimalidad de las soluciones}{section.3}% 22
\BOOKMARK [2][-]{subsection.3.3}{Experimentacion: Mediciones de Performance}{section.3}% 23
\BOOKMARK [3][-]{subsubsection.3.3.1}{Consideraciones acerca de la complejidad te\363rica}{subsection.3.3}% 24
\BOOKMARK [3][-]{subsubsection.3.3.2}{Rendimiento para grafos con densidad lineal de aristas}{subsection.3.3}% 25
\BOOKMARK [3][-]{subsubsection.3.3.3}{Rendimiento para grafos con densidad cuadratica de aristas}{subsection.3.3}% 26
\BOOKMARK [3][-]{subsubsection.3.3.4}{Conclusi\363n}{subsection.3.3}% 27
\BOOKMARK [2][-]{subsection.3.4}{Experimentacion: Mediciones de Optimalidad de las soluciones obtenidas con esta heuristica}{section.3}% 28
\BOOKMARK [3][-]{subsubsection.3.4.1}{Grafos aleatorios de baja densidad de aristas}{subsection.3.4}% 29
\BOOKMARK [3][-]{subsubsection.3.4.2}{Grafos aleatorios de alta densidad de aristas}{subsection.3.4}% 30
\BOOKMARK [1][-]{section.4}{Heuristica de busqueda local}{}% 31
\BOOKMARK [2][-]{subsection.4.1}{Criterios de vecindad}{section.4}% 32
\BOOKMARK [2][-]{subsection.4.2}{Explicacion detallada del algoritmo propuesto}{section.4}% 33
\BOOKMARK [3][-]{subsubsection.4.2.1}{Obtencion de la solucion inicial factible}{subsection.4.2}% 34
\BOOKMARK [3][-]{subsubsection.4.2.2}{Criterio de terminaci\363n}{subsection.4.2}% 35
\BOOKMARK [3][-]{subsubsection.4.2.3}{Pseudocodigo}{subsection.4.2}% 36
\BOOKMARK [3][-]{subsubsection.4.2.4}{Reemplazar un nodo intermedio en una 3-upla consecutiva de nodos del camino}{subsection.4.2}% 37
\BOOKMARK [3][-]{subsubsection.4.2.5}{Insertar un nodo intermedio en un par consecutivo de nodos del camino}{subsection.4.2}% 38
\BOOKMARK [3][-]{subsubsection.4.2.6}{Contracci\363n de 3-uplas}{subsection.4.2}% 39
\BOOKMARK [2][-]{subsection.4.3}{Nivel de optimalidad de las soluciones}{section.4}% 40
\BOOKMARK [3][-]{subsubsection.4.3.1}{Familias de grafos malas para esta heur\355stica}{subsection.4.3}% 41
\BOOKMARK [2][-]{subsection.4.4}{Complejidad}{section.4}% 42
\BOOKMARK [2][-]{subsection.4.5}{Taboo list}{section.4}% 43
\BOOKMARK [2][-]{subsection.4.6}{Prec\363mputo de vecinos en comun}{section.4}% 44
\BOOKMARK [2][-]{subsection.4.7}{Experimentacion: Mediciones de Performance}{section.4}% 45
\BOOKMARK [3][-]{subsubsection.4.7.1}{Rendimiento para grafos con densidad lineal de aristas}{subsection.4.7}% 46
\BOOKMARK [3][-]{subsubsection.4.7.2}{Rendimiento para grafos con densidad cuadratica de aristas}{subsection.4.7}% 47
\BOOKMARK [2][-]{subsection.4.8}{Experimentacion: Variaci\363n evolutiva de mejora en cada iteracion y Variaci\363n absoluta de w2 en busqueda local}{section.4}% 48
\BOOKMARK [3][-]{subsubsection.4.8.1}{Rendimiento evolutivo y absoluto en grafos con alta densidad de aristas}{subsection.4.8}% 49
\BOOKMARK [3][-]{subsubsection.4.8.2}{Rendimiento evolutivo en grafos con densidad lineal de aristas}{subsection.4.8}% 50
\BOOKMARK [3][-]{subsubsection.4.8.3}{Conclusion de experimentos - Relacion entre cantidad de aristas y efectividad de busqueda local}{subsection.4.8}% 51
\BOOKMARK [2][-]{subsection.4.9}{Experimentacion: Distintas soluciones iniciales factibles}{section.4}% 52
\BOOKMARK [3][-]{subsubsection.4.9.1}{Grafos particulares}{subsection.4.9}% 53
\BOOKMARK [3][-]{subsubsection.4.9.2}{Grafos aleatorios de alta densidad de aristas}{subsection.4.9}% 54
\BOOKMARK [3][-]{subsubsection.4.9.3}{Grafos aleatorios de baja densidad de aristas}{subsection.4.9}% 55
\BOOKMARK [2][-]{subsection.4.10}{Variaci\363n de efectividad de busqueda local sobre conjunto fijo de grafos cambiando vecindades}{section.4}% 56
\BOOKMARK [3][-]{subsubsection.4.10.1}{Experimentaci\363n sobre conjunto de grafos con baja densidad de aristas}{subsection.4.10}% 57
\BOOKMARK [3][-]{subsubsection.4.10.2}{Experimentaci\363n sobre conjunto de grafos con alta densidad de aristas}{subsection.4.10}% 58
\BOOKMARK [2][-]{subsection.4.11}{Experimentacion: Mediciones de Optimalidad de las soluciones obtenidas con esta heuristica}{section.4}% 59
\BOOKMARK [3][-]{subsubsection.4.11.1}{Grafos aleatorios de baja densidad de aristas}{subsection.4.11}% 60
\BOOKMARK [3][-]{subsubsection.4.11.2}{Grafos aleatorios de alta densidad de aristas}{subsection.4.11}% 61
\BOOKMARK [1][-]{section.5}{Metaheuristica GRASP: Solucion propuesta}{}% 62
\BOOKMARK [2][-]{subsection.5.1}{Modificaci\363n a la heur\355stica golosa}{section.5}% 63
\BOOKMARK [2][-]{subsection.5.2}{Critero de terminaci\363n}{section.5}% 64
\BOOKMARK [2][-]{subsection.5.3}{Consideraciones}{section.5}% 65
\BOOKMARK [2][-]{subsection.5.4}{Pseudoc\363digo}{section.5}% 66
\BOOKMARK [2][-]{subsection.5.5}{An\341lisis de complejidad}{section.5}% 67
\BOOKMARK [2][-]{subsection.5.6}{Experimentacion: Mediciones de Performance}{section.5}% 68
\BOOKMARK [3][-]{subsubsection.5.6.1}{Rendimiento para grafos con densidad cuadratica de aristas}{subsection.5.6}% 69
\BOOKMARK [3][-]{subsubsection.5.6.2}{Rendimiento para grafos con densidad lineal de aristas}{subsection.5.6}% 70
\BOOKMARK [2][-]{subsection.5.7}{Experimentaci\363n de optimalidad}{section.5}% 71
\BOOKMARK [3][-]{subsubsection.5.7.1}{Optimalidad para grafos lineales con w1 = 120}{subsection.5.7}% 72
\BOOKMARK [3][-]{subsubsection.5.7.2}{Optimalidad para grafos lineales con w1 = 200}{subsection.5.7}% 73
\BOOKMARK [3][-]{subsubsection.5.7.3}{Optimalidad para grafos cuadr\341ticos con w1 = 150}{subsection.5.7}% 74
\BOOKMARK [3][-]{subsubsection.5.7.4}{Optimalidad para grafos cuadr\341ticos con w1 = 120}{subsection.5.7}% 75
\BOOKMARK [3][-]{subsubsection.5.7.5}{Optimalidad para grafos con RCL por cantidad}{subsection.5.7}% 76
\BOOKMARK [1][-]{section.6}{Experimentacion General}{}% 77
\BOOKMARK [2][-]{subsection.6.1}{Generacion de conjuntos de grafos aleatorios}{section.6}% 78
\BOOKMARK [3][-]{subsubsection.6.1.1}{Generador de grafos aleatorios}{subsection.6.1}% 79
\BOOKMARK [3][-]{subsubsection.6.1.2}{Script generador de conjuntos de grafos}{subsection.6.1}% 80
\BOOKMARK [2][-]{subsection.6.2}{Scripts de optimalidad - Calculo de puntajes y estadisticas}{section.6}% 81
\BOOKMARK [2][-]{subsection.6.3}{Scripts de optimalidad - Graficos de optimalidad comparativos}{section.6}% 82
\BOOKMARK [2][-]{subsection.6.4}{Calidad de las heuristicas respecto a la soluci\363n exacta}{section.6}% 83
\BOOKMARK [3][-]{subsubsection.6.4.1}{Comparacion Exacta-Golosa-Busqueda Local-GRASP}{subsection.6.4}% 84
\BOOKMARK [3][-]{subsubsection.6.4.2}{Grafos aleatorios de baja densidad de aristas}{subsection.6.4}% 85
\BOOKMARK [3][-]{subsubsection.6.4.3}{Grafos aleatorios de intermedia densidad de aristas}{subsection.6.4}% 86
\BOOKMARK [3][-]{subsubsection.6.4.4}{Grafos aleatorios de alta densidad de aristas}{subsection.6.4}% 87
\BOOKMARK [3][-]{subsubsection.6.4.5}{Gr\341ficos de distribucion de las soluciones}{subsection.6.4}% 88
\BOOKMARK [2][-]{subsection.6.5}{Experimentacion pura entre heuristicas}{section.6}% 89
\BOOKMARK [3][-]{subsubsection.6.5.1}{Grafos aleatorios de alta densidad de aristas}{subsection.6.5}% 90
\BOOKMARK [3][-]{subsubsection.6.5.2}{Grafos aleatorios de densidad intermedia de aristas}{subsection.6.5}% 91
\BOOKMARK [3][-]{subsubsection.6.5.3}{Grafos aleatorios de densidad baja de aristas}{subsection.6.5}% 92
\BOOKMARK [1][-]{section.7}{Conclusion}{}% 93
\BOOKMARK [1][-]{section.8}{Compilacion}{}% 94
\BOOKMARK [1][-]{section.9}{Entregable}{}% 95
\BOOKMARK [1][-]{section.10}{Reentrega: Informe de modificaciones}{}% 96
\BOOKMARK [1][-]{section.11}{Ap\351ndice: C\363digo fuente relevante}{}% 97
\BOOKMARK [2][-]{subsection.11.1}{Generador aleatorio de grafos Fisher Yates}{section.11}% 98
\BOOKMARK [2][-]{subsection.11.2}{Script de minimalidad}{section.11}% 99
\BOOKMARK [2][-]{subsection.11.3}{Script de optimalidad}{section.11}% 100
\BOOKMARK [2][-]{subsection.11.4}{Script de performance}{section.11}% 101
\BOOKMARK [2][-]{subsection.11.5}{Algoritmo exacto para la resolucion de CACM}{section.11}% 102
\BOOKMARK [2][-]{subsection.11.6}{Heuristicas}{section.11}% 103
